aa1c
a1b
ab1a
1abi
1abl
ab1ol
ab1ur
a1che
a1cho
a1chu
a1d
1adr
adt1
a1e1
a1fr
af1ra
a1g
1ago1
a1ha
a1he
a1ia
ai1e
a1ir
a1j
a1ke
a1kl
a1ku
a1la
al1ä
1alp
alt1r
alt1sp
a1lu
a1mn
1amt
an1äs
1anf
1anl
1antr
a1o
a1ra
ar1ap
1arb
a1re
aren1
ari1e
ar1in
a1ro
a1ry
as1a
as1em
as1u
a1ß
a1t
atz1
au1a
a1v
a1w
a1x
a1z
1aza
ä1b
ä1c
ä1d
ä1e
ä1g
ä1he
ä1hi
äh1l
ä1o
1äq
ä1re
ärs1i
ärs1t
äs1t
ä1ß
ä1ti
äts1
äu1
ä1v
ba1sa
bau1
b1än
b1b
b1c
b1d
ben1e
b1erk
b1err
be1ur
b1f
b1g
b1h
bi1st
b1it
b1j
b1k
b1l
b1m
b1n
bo1l
b1or
b1p
b1q
b1r
b1s
b1t
bu1c
but1
b1üb
b1v
b1w
b1z
c1c
ce1
1ces
ch1ak
ch1äs
1chro
1chy
1cke
ck1l
ck1r
1cku
1co
co1l
c1t
1cu
1cy
1da
d1ak
d1an
d1ap
d1au
1dä
d1b
d1c
d1d
1de
d1ei
d1ense
d1ents
de1ro
des1
d1ess
de1us
d1f
d1g
d1h
1di
di1st
d1j
d1k
d1l
d1m
d1n
1do
d1op
d1ort
d1ö
d1p
1dr
d1rat
d1reg
d1rei
d1ren
d1rob
d1roc
d1rot
d1rö
d1s
ds1a
ds1t
d1t
dt1s
1du
d1v
d1w
1dy
d1z
e1a
e1b
e1che
1echo
e1chu
e1ck
e1d
eds1
e1ei
e1en
e1er
e1f
e1g
eg1l
e1ha
e1hä
e1he
e1hi
eh1l
e1ho
e1hu
e1hy
ei1c
ei1e
1eink
1einl
e1j
e1ke
e1kl
e1la
el1au
e1lä
1elem
e1lu
e1m
1emp
1emu
en1ag
end1r
en1em
en1g
1entw
e1o
eob1
e1pf
1epi
e1q
e1ra
er1ar
e1rä
e1re
er1es
er1ind
1erkl
1ernt
er1op
e1rü
1erz
e1s
1esko
es1ti
e1ß
e1t
e1um
e1v
e1w
e1xi
1exp
1exz
e1z
1fa
f1au
1fä
f1b
f1c
f1d
1fe
f1ef
f1ene
f1f
f1g
1fi
fi1c
f1k
1flä
f1län
f1m
f1n
1fo
f1op
f1org
f1p
f1q
f1rä
f1s
f1t
ft1a
ft1re
ft1ro
1fu
f1um
f1v
f1w
f1z
1ga
ga1i
1gä
g1b
g1d
1ge
g1erg
ge1u
g1f
g1g
g1hä
g1hi
g1ho
1gi
g1j
g1k
1glei
g1m
g1n
g1öf
g1p
gs1
g1t
1gu
1gü
g1v
g1w
g1z
h1ap
hasi1
häus1c
h1b
h1c
h1d
h1ents
he1ro
het1
he1x
h1f
h1g
h1h
h1ia
h1k
h1las
h1läs
h1m
h1n
h1ob
1hö
h1p
h1q
hr1a
h1rat
h1re
hr1in
h1s
hs1a
h1t
ht1ec
ht1o
ht1sa
ht1und
hü1b
h1v
h1z
i1ak1
i1al
i1an
i1ar
i1as.
i1ät.
i1b
i1ca
i1che
i1ci
i1d
ids1
i1en
if1el
i1g
i1h
i1i
i1k
i1la
i1lä1
i1lu
1imb
1imp
in1ac
in1ä
i1o
i1q
i1ra
i1re
1irr
i1sa
iss1t
is1t
i1sta
i1su
i1t
it1ho
1itia
it1r
its1t
i1u
ium1
i1ü
iv1ei
i1x
i1z
ja1c
ju1t
1ka
ka1ar
ka1st
1kä
k1b
k1c
k1d
k1ef
k1ein
kel1e
k1em
k1erl
k1f
k1g
k1h
1ki
k1k
k1lu
k1m
1kn
1ko
1kö
k1p
k1q
1kr
k1s
ks1tr
k1t
1kü
kü1b
k1v
k1w
k1z
l1ab1
1lad
1lah
1lak
l1ant
l1b
l1c
l1d
ld1r
1le
l1ef
l1eig
l1eim
lein1
l1ent
l1erg
l1f
lfs1
l1g
l1h
1li
li1ce
l1k
ll1a
l1lac
l1lat
ll1ene
ll1in
ll1l
l1lu
l1lü
l1m
l1n
1lo
l1of
l1or
1lö
lö1c
l1p
lp1au
lp1ho
l1q
l1r
l1s
ls1e
ls1ti
ls1un
l1t
lt1ak
lt1au
lt1eig
lt1ein
lt1h
lt1i
lt1ö
lt1ro
lt1sl
1lun
l1v
l1w
1ly
l1z
1ma
m1ab
m1b
m1c
m1d
1me
me1c
m1ele
men1
m1erw
m1f
m1g
m1h
1mi
m1k
m1l
m1m
m1n
m1ox
1mö
m1p
m1r
m1sa
m1sä
m1sp
m1stä
m1su
m1ta
mt1h
m1ti
m1tr
mts1
m1um
m1üb
m1w
m1z
1na
n1ab
n1ad
n1ak
n1alg
n1an
n1ar
n1au
nauf1
1nä
n1äm
n1b
n1c
1ne
n1ei
n1ek
nen1
n1end
n1erb
n1erh
n1erk
n1erl
n1ert
n1erw
neu1
n1ex
n1f
ng1o
ng1r
n1h
1ni
ni1a
n1in1
n1j
n1k
nk1ra
n1l
n1m
n1n
1no
n1or
1nö1
n1p
n1q
n1r
n1s
n1t
nt1an
nt1art
nt1ho
nt1rei
nt1sp
nt1z
1nu
n1um
1nü
n1v
n1w
1ny
n1z
nz1w
o1a
o1b
o1c
o1d
odi1
o1e
o1fl
o1g
og1a
og1ei
og1s
o1h
o1id
o1in
o1j
o1k
ok1l
ol1a
ol1ei
ol1la
ol1op
o1lu
on1g
ons1
o1or
1opt
or1a
o1re
o1ro
o1ry
o1sä
o1sp
os1t
ost1r
o1sü
o1ß
o1t
o1v
o1z
ö1b
ö1d
1öfe
ö1h
ö1k
1öl
ö1n
ör1
ö1s
ö1ß
ö1v
1pa
pa1lä
p1b
p1d
1pe
pen1
p1g
1ph
p1hü
1pi
p1k
1pl
p1lu
1po
p1p
pp1r
pp1u
1pr
p1s
p1t
1pu
pu1t
p1w
p1z
r1ab
ra1c
rar1
ras1t
r1aug
r1är
r1b
r1c
r1eig
r1einr
1rens
1rer.
r1erf
r1erk
1rern
r1ex
r1f
r1g
rga1s
r1h
1ri
ria1s
ri1ce
ri1er.
ri1ern
ri1ers
r1im
r1iso
r1j
r1k
r1l
r1m
rm1au
rm1ef
rm1ei
rm1s
r1n
rn1al
ro1la
r1or
ro1st
1rou
r1ox
r1öf
r1p
r1q
r1r
r1s
rs1au
rs1ef
rs1ers
rsi1
r1t
rt1ar
rt1erk
rt1rat
rts1o
1ru
ru1i
r1ur
r1v
r1w
r1z
rz1er
s1ab
sa1c
s1ak
s1an
s1ap
s1ar
1sax
s1är
s1b
1sc
s1char
s1d
1se
s1eint
s1ent
ser1en
s1erg
s1erh
s1erse
s1erw
s1f
s1g
s1h
1si
si1a
s1im
sini1
s1j
s1k
1ski.
s1l
s1m
s1n
1so
s1ob
s1of
s1orga
s1os
s1ö
s1p
s1q
s1r
s1s
ss1au
ss1ein
ss1ex
ss1tab
1stet
st1h
su1c
s1umf
s1ü
s1v
s1w
1sy
s1z
ß1b
1ße
ß1k
ß1m
ß1n
ß1s
ß1v
t1ac
1taf
1tag
t1alg
t1ame
t1arm
t1arz
tast1r
1tat.
t1äu
t1b
t1c
t1d
1te
t1eis
t1elt
ten1
te1ro
ter1uf
t1f
t1g
t1ha
t1hä
t1he
1thes
1tig
t1ins
t1int
1tis
t1k
t1l
t1m
t1n
1toch
t1ord
t1öf
t1p
1trac
1trak
1trä
t1rel
t1rh
ts1a
ts1e
ts1i
ts1ol
t1st
ts1ti
ts1tr
ts1u
t1t
1tu
tur1a
1tür
t1v
t1w
1ty
tz1a
tz1w
u1ab
u1al.
u1ar.
u1ars
u1b
u1che
u1d
u1e
uer1a
uf1a
uf1la
uf1r
ug1a
ug1ebe
ug1ei
ug1h
ug1l
ug1o
ug1r
ug1st
u1ha
u1he
u1ie
u1ig
u1j
u1l
u1m
1uml
1umr
1unf
1unga
1unt
u1q
u1ra
ur1as
ur1au
u1rä
u1re
ure1i
ur1ens
ur1erg
u1rö
u1sa
usi1
uss1t
us1t
u1su
u1ß
ut1an
u1tä
ut1ei
u1ti
u1to
ut1s
u1u
u1v
u1w
u1z
ü1c
ü1d
ü1f
ü1g
üh1
ü1he
ü1hu
üll1ei
ü1m
ü1re
ü1ro
ü1ß
1va
v1an
v1b
v1d
1ve
v1el
v1ene
ver1
v1f
v1g
1vi
v1k
v1l
v1m
v1n
v1ob
v1p
v1r
v1s
v1t
1vum
v1ur
1vus
v1ü
v1v
v1w
v1z
1wa
1wel
x1a
1xa.
1xe
x1m
x1p
x1t
x1z
y1c
y1d
y1e
yl1a
yl1e
y1n
y1o
y1p
y1r
y1sa
yse1
ys1ti
y1t
z1ak
z1ar
z1au
z1b
z1c
z1d
1ze
z1f
z1g
z1h
1zi
z1k
z1l
z1m
z1n
z1of
z1op
z1or
z1p
z1q
z1r
z1s
zsi1
z1t
1zu
zu1c
z1ur
zu1s
z1v
1zy
z1z
