This is PATGEN, Version 2.4 (TeX Live 2013/Debian)
left_hyphen_min = 2, right_hyphen_min = 2, 56 letters
0 patterns read in
pattern trie has 256 nodes, trie_max = 256, 0 outputs
hyph_start, hyph_finish: pat_start, pat_finish: good weight, bad weight, threshold: processing dictionary with pat_len = 2, pat_dot = 1
 
0 good, 0 bad, 14 missed
0.00 %, 0.00 %, 100.00 %
17 patterns, 273 nodes in count trie, triec_max = 308
3 good and 12 bad patterns added (more to come)
finding 9 good and 4 bad hyphens, efficiency = 1.29
pattern trie has 271 nodes, trie_max = 315, 2 outputs
processing dictionary with pat_len = 2, pat_dot = 0
 
9 good, 4 bad, 5 missed
64.29 %, 28.57 %, 35.71 %
11 patterns, 267 nodes in count trie, triec_max = 300
2 good and 7 bad patterns added (more to come)
finding 2 good and 0 bad hyphens, efficiency = 1.00
pattern trie has 272 nodes, trie_max = 315, 6 outputs
processing dictionary with pat_len = 2, pat_dot = 2
 
11 good, 4 bad, 3 missed
78.57 %, 28.57 %, 21.43 %
17 patterns, 273 nodes in count trie, triec_max = 310
0 good and 15 bad patterns added (more to come)
finding 0 good and 0 bad hyphens 
pattern trie has 273 nodes, trie_max = 315, 13 outputs
processing dictionary with pat_len = 3, pat_dot = 1
 
11 good, 4 bad, 3 missed
78.57 %, 28.57 %, 21.43 %
2 patterns, 260 nodes in count trie, triec_max = 260
0 good and 0 bad patterns added (more to come)
finding 0 good and 0 bad hyphens 
pattern trie has 273 nodes, trie_max = 315, 13 outputs
processing dictionary with pat_len = 3, pat_dot = 2
 
11 good, 4 bad, 3 missed
78.57 %, 28.57 %, 21.43 %
2 patterns, 260 nodes in count trie, triec_max = 261
0 good and 0 bad patterns added (more to come)
finding 0 good and 0 bad hyphens 
pattern trie has 273 nodes, trie_max = 315, 13 outputs
processing dictionary with pat_len = 3, pat_dot = 0
 
11 good, 4 bad, 3 missed
78.57 %, 28.57 %, 21.43 %
4 patterns, 262 nodes in count trie, triec_max = 298
1 good and 1 bad patterns added (more to come)
finding 1 good and 0 bad hyphens, efficiency = 1.00
pattern trie has 275 nodes, trie_max = 315, 14 outputs
processing dictionary with pat_len = 3, pat_dot = 3
 
12 good, 4 bad, 2 missed
85.71 %, 28.57 %, 14.29 %
2 patterns, 260 nodes in count trie, triec_max = 260
0 good and 0 bad patterns added (more to come)
finding 0 good and 0 bad hyphens 
pattern trie has 275 nodes, trie_max = 315, 14 outputs
processing dictionary with pat_len = 4, pat_dot = 2
 
12 good, 4 bad, 2 missed
85.71 %, 28.57 %, 14.29 %
2 patterns, 262 nodes in count trie, triec_max = 262
0 good and 0 bad patterns added (more to come)
finding 0 good and 0 bad hyphens 
pattern trie has 275 nodes, trie_max = 315, 14 outputs
processing dictionary with pat_len = 4, pat_dot = 1
 
12 good, 4 bad, 2 missed
85.71 %, 28.57 %, 14.29 %
2 patterns, 262 nodes in count trie, triec_max = 263
0 good and 0 bad patterns added (more to come)
finding 0 good and 0 bad hyphens 
pattern trie has 275 nodes, trie_max = 315, 14 outputs
processing dictionary with pat_len = 4, pat_dot = 3
 
12 good, 4 bad, 2 missed
85.71 %, 28.57 %, 14.29 %
2 patterns, 262 nodes in count trie, triec_max = 262
0 good and 0 bad patterns added (more to come)
finding 0 good and 0 bad hyphens 
pattern trie has 275 nodes, trie_max = 315, 14 outputs
processing dictionary with pat_len = 4, pat_dot = 0
 
12 good, 4 bad, 2 missed
85.71 %, 28.57 %, 14.29 %
3 patterns, 263 nodes in count trie, triec_max = 300
0 good and 1 bad patterns added (more to come)
finding 0 good and 0 bad hyphens 
pattern trie has 277 nodes, trie_max = 315, 14 outputs
processing dictionary with pat_len = 4, pat_dot = 4
 
12 good, 4 bad, 2 missed
85.71 %, 28.57 %, 14.29 %
2 patterns, 262 nodes in count trie, triec_max = 262
0 good and 0 bad patterns added (more to come)
finding 0 good and 0 bad hyphens 
pattern trie has 277 nodes, trie_max = 315, 14 outputs
processing dictionary with pat_len = 5, pat_dot = 2
 
12 good, 4 bad, 2 missed
85.71 %, 28.57 %, 14.29 %
2 patterns, 264 nodes in count trie, triec_max = 264
0 good and 0 bad patterns added (more to come)
finding 0 good and 0 bad hyphens 
pattern trie has 277 nodes, trie_max = 315, 14 outputs
processing dictionary with pat_len = 5, pat_dot = 3
 
12 good, 4 bad, 2 missed
85.71 %, 28.57 %, 14.29 %
2 patterns, 264 nodes in count trie, triec_max = 266
0 good and 0 bad patterns added (more to come)
finding 0 good and 0 bad hyphens 
pattern trie has 277 nodes, trie_max = 315, 14 outputs
processing dictionary with pat_len = 5, pat_dot = 1
 
12 good, 4 bad, 2 missed
85.71 %, 28.57 %, 14.29 %
2 patterns, 264 nodes in count trie, triec_max = 264
0 good and 0 bad patterns added (more to come)
finding 0 good and 0 bad hyphens 
pattern trie has 277 nodes, trie_max = 315, 14 outputs
processing dictionary with pat_len = 5, pat_dot = 4
 
12 good, 4 bad, 2 missed
85.71 %, 28.57 %, 14.29 %
2 patterns, 264 nodes in count trie, triec_max = 267
0 good and 0 bad patterns added (more to come)
finding 0 good and 0 bad hyphens 
pattern trie has 277 nodes, trie_max = 315, 14 outputs
processing dictionary with pat_len = 5, pat_dot = 0
 
12 good, 4 bad, 2 missed
85.71 %, 28.57 %, 14.29 %
4 patterns, 266 nodes in count trie, triec_max = 297
2 good and 2 bad patterns added 
finding 2 good and 0 bad hyphens, efficiency = 1.00
pattern trie has 284 nodes, trie_max = 315, 14 outputs
processing dictionary with pat_len = 5, pat_dot = 5
 
14 good, 4 bad, 0 missed
100.00 %, 28.57 %, 0.00 %
1 patterns, 260 nodes in count trie, triec_max = 260
0 good and 1 bad patterns added 
finding 0 good and 0 bad hyphens 
pattern trie has 287 nodes, trie_max = 315, 15 outputs
18 nodes and 12 outputs deleted
total of 8 patterns at hyph_level 1
hyphenate word list? writing pattmp.1
 
14 good, 4 bad, 0 missed
100.00 %, 28.57 %, 0.00 %
